C:\USERS\DELL\DOCUMENTS\VISUAL STUDIO 2012\PROJECTS\TEAPOTAD\TEAPOTAD\DEBUG\TEAPOTAD.PCH
C:\USERS\DELL\DOCUMENTS\VISUAL STUDIO 2012\PROJECTS\TEAPOTAD\TEAPOTAD\DEBUG\STDAFX.OBJ
C:\USERS\DELL\DOCUMENTS\VISUAL STUDIO 2012\PROJECTS\TEAPOTAD\TEAPOTAD\DEBUG\VC110.PDB
C:\USERS\DELL\DOCUMENTS\VISUAL STUDIO 2012\PROJECTS\TEAPOTAD\TEAPOTAD\DEBUG\BITMAP.OBJ
C:\USERS\DELL\DOCUMENTS\VISUAL STUDIO 2012\PROJECTS\TEAPOTAD\TEAPOTAD\DEBUG\CAMERA.OBJ
C:\USERS\DELL\DOCUMENTS\VISUAL STUDIO 2012\PROJECTS\TEAPOTAD\TEAPOTAD\DEBUG\DRAWABLE.OBJ
C:\USERS\DELL\DOCUMENTS\VISUAL STUDIO 2012\PROJECTS\TEAPOTAD\TEAPOTAD\DEBUG\GLSLPROGRAM.OBJ
C:\USERS\DELL\DOCUMENTS\VISUAL STUDIO 2012\PROJECTS\TEAPOTAD\TEAPOTAD\DEBUG\GLUTILS.OBJ
C:\USERS\DELL\DOCUMENTS\VISUAL STUDIO 2012\PROJECTS\TEAPOTAD\TEAPOTAD\DEBUG\GL_CORE_4_3.OBJ
C:\USERS\DELL\DOCUMENTS\VISUAL STUDIO 2012\PROJECTS\TEAPOTAD\TEAPOTAD\DEBUG\SCENEDIFFUSE.OBJ
C:\USERS\DELL\DOCUMENTS\VISUAL STUDIO 2012\PROJECTS\TEAPOTAD\TEAPOTAD\DEBUG\TEAPOTAD.OBJ
C:\USERS\DELL\DOCUMENTS\VISUAL STUDIO 2012\PROJECTS\TEAPOTAD\TEAPOTAD\DEBUG\TEXTURE.OBJ
C:\USERS\DELL\DOCUMENTS\VISUAL STUDIO 2012\PROJECTS\TEAPOTAD\TEAPOTAD\DEBUG\VBOPLANE.OBJ
C:\USERS\DELL\DOCUMENTS\VISUAL STUDIO 2012\PROJECTS\TEAPOTAD\TEAPOTAD\DEBUG\VBOTEAPOT.OBJ
C:\USERS\DELL\DOCUMENTS\VISUAL STUDIO 2012\PROJECTS\TEAPOTAD\DEBUG\TEAPOTAD.ILK
C:\USERS\DELL\DOCUMENTS\VISUAL STUDIO 2012\PROJECTS\TEAPOTAD\DEBUG\TEAPOTAD.EXE
C:\USERS\DELL\DOCUMENTS\VISUAL STUDIO 2012\PROJECTS\TEAPOTAD\DEBUG\TEAPOTAD.PDB
C:\Users\Dell\Documents\Visual Studio 2012\Projects\TeapotAD\TeapotAD\Debug\Bitmap.obj
C:\Users\Dell\Documents\Visual Studio 2012\Projects\TeapotAD\TeapotAD\Debug\camera.obj
C:\Users\Dell\Documents\Visual Studio 2012\Projects\TeapotAD\TeapotAD\Debug\drawable.obj
C:\Users\Dell\Documents\Visual Studio 2012\Projects\TeapotAD\TeapotAD\Debug\glslprogram.obj
C:\Users\Dell\Documents\Visual Studio 2012\Projects\TeapotAD\TeapotAD\Debug\glutils.obj
C:\Users\Dell\Documents\Visual Studio 2012\Projects\TeapotAD\TeapotAD\Debug\gl_core_4_3.obj
C:\Users\Dell\Documents\Visual Studio 2012\Projects\TeapotAD\TeapotAD\Debug\scenediffuse.obj
C:\Users\Dell\Documents\Visual Studio 2012\Projects\TeapotAD\TeapotAD\Debug\stdafx.obj
C:\Users\Dell\Documents\Visual Studio 2012\Projects\TeapotAD\TeapotAD\Debug\TeapotAD.obj
C:\Users\Dell\Documents\Visual Studio 2012\Projects\TeapotAD\TeapotAD\Debug\Texture.obj
C:\Users\Dell\Documents\Visual Studio 2012\Projects\TeapotAD\TeapotAD\Debug\vboplane.obj
C:\Users\Dell\Documents\Visual Studio 2012\Projects\TeapotAD\TeapotAD\Debug\vboteapot.obj
C:\Users\Dell\Documents\Visual Studio 2012\Projects\TeapotAD\TeapotAD\Debug\cl.command.1.tlog
C:\Users\Dell\Documents\Visual Studio 2012\Projects\TeapotAD\TeapotAD\Debug\CL.read.1.tlog
C:\Users\Dell\Documents\Visual Studio 2012\Projects\TeapotAD\TeapotAD\Debug\CL.write.1.tlog
C:\Users\Dell\Documents\Visual Studio 2012\Projects\TeapotAD\TeapotAD\Debug\link-cvtres.read.1.tlog
C:\Users\Dell\Documents\Visual Studio 2012\Projects\TeapotAD\TeapotAD\Debug\link-cvtres.write.1.tlog
C:\Users\Dell\Documents\Visual Studio 2012\Projects\TeapotAD\TeapotAD\Debug\link-rc.read.1.tlog
C:\Users\Dell\Documents\Visual Studio 2012\Projects\TeapotAD\TeapotAD\Debug\link-rc.write.1.tlog
C:\Users\Dell\Documents\Visual Studio 2012\Projects\TeapotAD\TeapotAD\Debug\link.4624-cvtres.read.1.tlog
C:\Users\Dell\Documents\Visual Studio 2012\Projects\TeapotAD\TeapotAD\Debug\link.4624-cvtres.write.1.tlog
C:\Users\Dell\Documents\Visual Studio 2012\Projects\TeapotAD\TeapotAD\Debug\link.4624-rc.read.1.tlog
C:\Users\Dell\Documents\Visual Studio 2012\Projects\TeapotAD\TeapotAD\Debug\link.4624-rc.write.1.tlog
C:\Users\Dell\Documents\Visual Studio 2012\Projects\TeapotAD\TeapotAD\Debug\link.4624.read.1.tlog
C:\Users\Dell\Documents\Visual Studio 2012\Projects\TeapotAD\TeapotAD\Debug\link.4624.write.1.tlog
C:\Users\Dell\Documents\Visual Studio 2012\Projects\TeapotAD\TeapotAD\Debug\link.command.1.tlog
C:\Users\Dell\Documents\Visual Studio 2012\Projects\TeapotAD\TeapotAD\Debug\link.read.1.tlog
C:\Users\Dell\Documents\Visual Studio 2012\Projects\TeapotAD\TeapotAD\Debug\link.write.1.tlog
C:\Users\Dell\Documents\Visual Studio 2012\Projects\TeapotAD\TeapotAD\Debug\TeapotAD.pch
C:\Users\Dell\Documents\Visual Studio 2012\Projects\TeapotAD\TeapotAD\Debug\vc110.idb
C:\Users\Dell\Documents\Visual Studio 2012\Projects\TeapotAD\TeapotAD\Debug\vc110.pdb
C:\Users\Dell\Documents\Visual Studio 2012\Projects\TeapotAD\Debug\TeapotAD.pdb
C:\Users\Dell\Documents\Visual Studio 2012\Projects\TeapotAD\Debug\TeapotAD.exe
C:\Users\Dell\Documents\Visual Studio 2012\Projects\TeapotAD\Debug\TeapotAD.ilk
